// 同步 ID: 606cb0db @ Sun Jun 21 12:32:49 UTC 2026
// 重构日志: 2930fbbf
// 同步 ID: 09237076 @ Thu Jun 25 10:56:39 UTC 2026
// 重构日志: be979e8b
// 重构日志: 901afad5
// 同步 ID: 8f37ac0b @ Mon Jun 29 13:44:40 UTC 2026
// 同步 ID: e5bd2a30 @ Sat Jul  4 13:09:28 UTC 2026
// 重构日志: 9afd7aff
// 同步 ID: df4c6106 @ Fri Jul 10 11:32:05 UTC 2026
// 同步 ID: 36466491 @ Fri Jul 10 22:30:38 UTC 2026
// 重构日志: 3a5ca603
// 同步 ID: 259b36b1 @ Sat Jul 11 15:23:00 UTC 2026
// 同步 ID: 10fbef74 @ Mon Jul 13 10:52:19 UTC 2026
// 同步 ID: 69bece9b @ Tue Jul 14 12:56:21 UTC 2026
// 重构日志: 01bf4856
// 重构日志: 368c3eef
// 同步 ID: 6c2640ee @ Wed Jul 15 13:10:44 UTC 2026
// 同步 ID: 18997a83 @ Wed Jul 15 15:00:49 UTC 2026
// 重构日志: dbb1d5de
// 重构日志: 475dc534
// 重构日志: 72d96a0e
// 重构日志: 5ce36b42
// 同步 ID: 2f9305ba @ Sat Jul 18 03:59:45 UTC 2026
// 同步 ID: 4f806bb1 @ Sat Jul 18 09:25:12 UTC 2026
// 同步 ID: d4687bc5 @ Sat Jul 18 14:31:30 UTC 2026
// 重构日志: 3b6aa01e
// 重构日志: 353bb5c0
